c:\users\서정원\desktop\3d게임프로그래밍2 과제\dx_assignment_git\3dgp2_assignment01\3dgp2_assignment01\x64\release\vc143.pdb
c:\users\서정원\desktop\3d게임프로그래밍2 과제\dx_assignment_git\3dgp2_assignment01\3dgp2_assignment01\x64\release\scene.obj
c:\users\서정원\desktop\3d게임프로그래밍2 과제\dx_assignment_git\3dgp2_assignment01\3dgp2_assignment01\x64\release\object.obj
c:\users\서정원\desktop\3d게임프로그래밍2 과제\dx_assignment_git\3dgp2_assignment01\3dgp2_assignment01\x64\release\gameframework.obj
c:\users\서정원\desktop\3d게임프로그래밍2 과제\dx_assignment_git\3dgp2_assignment01\3dgp2_assignment01\x64\release\player.obj
c:\users\서정원\desktop\3d게임프로그래밍2 과제\dx_assignment_git\3dgp2_assignment01\3dgp2_assignment01\x64\release\3dgp2_assignment01.obj
c:\users\서정원\desktop\3d게임프로그래밍2 과제\dx_assignment_git\3dgp2_assignment01\3dgp2_assignment01\x64\release\shader.obj
c:\users\서정원\desktop\3d게임프로그래밍2 과제\dx_assignment_git\3dgp2_assignment01\3dgp2_assignment01\x64\release\mesh.obj
c:\users\서정원\desktop\3d게임프로그래밍2 과제\dx_assignment_git\3dgp2_assignment01\3dgp2_assignment01\x64\release\camera.obj
c:\users\서정원\desktop\3d게임프로그래밍2 과제\dx_assignment_git\3dgp2_assignment01\3dgp2_assignment01\x64\release\stdafx.obj
c:\users\서정원\desktop\3d게임프로그래밍2 과제\dx_assignment_git\3dgp2_assignment01\3dgp2_assignment01\x64\release\wictextureloader12.obj
c:\users\서정원\desktop\3d게임프로그래밍2 과제\dx_assignment_git\3dgp2_assignment01\3dgp2_assignment01\x64\release\timer.obj
c:\users\서정원\desktop\3d게임프로그래밍2 과제\dx_assignment_git\3dgp2_assignment01\3dgp2_assignment01\x64\release\ddstextureloader12.obj
c:\users\서정원\desktop\3d게임프로그래밍2 과제\x64\release\3dgp2_assignment01.exe
c:\users\서정원\desktop\3d게임프로그래밍2 과제\dx_assignment_git\3dgp2_assignment01\3dgp2_assignment01\x64\release\3dgp2_assignment01.ipdb
c:\users\서정원\desktop\3d게임프로그래밍2 과제\x64\release\3dgp2_assignment01.pdb
c:\users\서정원\desktop\3d게임프로그래밍2 과제\dx_assignment_git\3dgp2_assignment01\3dgp2_assignment01\x64\release\3dgp2_assignment01.iobj
c:\users\서정원\desktop\3d게임프로그래밍2 과제\dx_assignment_git\3dgp2_assignment01\3dgp2_assignment01\x64\release\3dgp2_assignment01.res
c:\users\서정원\desktop\3d게임프로그래밍2 과제\dx_assignment_git\3dgp2_assignment01\3dgp2_assignment01\x64\release\3dgp2_as.ae500bf9.tlog\cl.command.1.tlog
c:\users\서정원\desktop\3d게임프로그래밍2 과제\dx_assignment_git\3dgp2_assignment01\3dgp2_assignment01\x64\release\3dgp2_as.ae500bf9.tlog\cl.read.1.tlog
c:\users\서정원\desktop\3d게임프로그래밍2 과제\dx_assignment_git\3dgp2_assignment01\3dgp2_assignment01\x64\release\3dgp2_as.ae500bf9.tlog\cl.write.1.tlog
c:\users\서정원\desktop\3d게임프로그래밍2 과제\dx_assignment_git\3dgp2_assignment01\3dgp2_assignment01\x64\release\3dgp2_as.ae500bf9.tlog\link.command.1.tlog
c:\users\서정원\desktop\3d게임프로그래밍2 과제\dx_assignment_git\3dgp2_assignment01\3dgp2_assignment01\x64\release\3dgp2_as.ae500bf9.tlog\link.read.1.tlog
c:\users\서정원\desktop\3d게임프로그래밍2 과제\dx_assignment_git\3dgp2_assignment01\3dgp2_assignment01\x64\release\3dgp2_as.ae500bf9.tlog\link.write.1.tlog
c:\users\서정원\desktop\3d게임프로그래밍2 과제\dx_assignment_git\3dgp2_assignment01\3dgp2_assignment01\x64\release\3dgp2_as.ae500bf9.tlog\rc.command.1.tlog
c:\users\서정원\desktop\3d게임프로그래밍2 과제\dx_assignment_git\3dgp2_assignment01\3dgp2_assignment01\x64\release\3dgp2_as.ae500bf9.tlog\rc.read.1.tlog
c:\users\서정원\desktop\3d게임프로그래밍2 과제\dx_assignment_git\3dgp2_assignment01\3dgp2_assignment01\x64\release\3dgp2_as.ae500bf9.tlog\rc.write.1.tlog
