c:\users\서정원\desktop\3d게임프로그래밍2 과제\dx_assignment_git\3dgp2_assignment01\3dgp2_assignment01\x64\debug\vc143.pdb
c:\users\서정원\desktop\3d게임프로그래밍2 과제\dx_assignment_git\3dgp2_assignment01\3dgp2_assignment01\x64\debug\vc143.idb
c:\users\서정원\desktop\3d게임프로그래밍2 과제\dx_assignment_git\3dgp2_assignment01\3dgp2_assignment01\x64\debug\scene.obj
c:\users\서정원\desktop\3d게임프로그래밍2 과제\dx_assignment_git\3dgp2_assignment01\3dgp2_assignment01\x64\debug\player.obj
c:\users\서정원\desktop\3d게임프로그래밍2 과제\dx_assignment_git\3dgp2_assignment01\3dgp2_assignment01\x64\debug\gameframework.obj
c:\users\서정원\desktop\3d게임프로그래밍2 과제\dx_assignment_git\3dgp2_assignment01\3dgp2_assignment01\x64\debug\shader.obj
c:\users\서정원\desktop\3d게임프로그래밍2 과제\dx_assignment_git\3dgp2_assignment01\3dgp2_assignment01\x64\debug\object.obj
c:\users\서정원\desktop\3d게임프로그래밍2 과제\dx_assignment_git\3dgp2_assignment01\3dgp2_assignment01\x64\debug\stdafx.obj
c:\users\서정원\desktop\3d게임프로그래밍2 과제\dx_assignment_git\3dgp2_assignment01\3dgp2_assignment01\x64\debug\mesh.obj
c:\users\서정원\desktop\3d게임프로그래밍2 과제\dx_assignment_git\3dgp2_assignment01\3dgp2_assignment01\x64\debug\wictextureloader12.obj
c:\users\서정원\desktop\3d게임프로그래밍2 과제\dx_assignment_git\3dgp2_assignment01\3dgp2_assignment01\x64\debug\timer.obj
c:\users\서정원\desktop\3d게임프로그래밍2 과제\dx_assignment_git\3dgp2_assignment01\3dgp2_assignment01\x64\debug\ddstextureloader12.obj
c:\users\서정원\desktop\3d게임프로그래밍2 과제\dx_assignment_git\3dgp2_assignment01\3dgp2_assignment01\x64\debug\camera.obj
c:\users\서정원\desktop\3d게임프로그래밍2 과제\dx_assignment_git\3dgp2_assignment01\3dgp2_assignment01\x64\debug\3dgp2_assignment01.obj
c:\users\서정원\desktop\3d게임프로그래밍2 과제\dx_assignment_git\3dgp2_assignment01\3dgp2_assignment01\x64\debug\gamesound.obj
c:\users\서정원\desktop\3d게임프로그래밍2 과제\x64\debug\3dgp2_assignment01.exe
c:\users\서정원\desktop\3d게임프로그래밍2 과제\dx_assignment_git\3dgp2_assignment01\3dgp2_assignment01\x64\debug\3dgp2_assignment01.ilk
c:\users\서정원\desktop\3d게임프로그래밍2 과제\x64\debug\3dgp2_assignment01.pdb
c:\users\서정원\desktop\3d게임프로그래밍2 과제\dx_assignment_git\3dgp2_assignment01\3dgp2_assignment01\x64\debug\3dgp2_assignment01.res
c:\users\서정원\desktop\3d게임프로그래밍2 과제\dx_assignment_git\3dgp2_assignment01\3dgp2_assignment01\x64\debug\3dgp2_as.ae500bf9.tlog\cl.command.1.tlog
c:\users\서정원\desktop\3d게임프로그래밍2 과제\dx_assignment_git\3dgp2_assignment01\3dgp2_assignment01\x64\debug\3dgp2_as.ae500bf9.tlog\cl.read.1.tlog
c:\users\서정원\desktop\3d게임프로그래밍2 과제\dx_assignment_git\3dgp2_assignment01\3dgp2_assignment01\x64\debug\3dgp2_as.ae500bf9.tlog\cl.write.1.tlog
c:\users\서정원\desktop\3d게임프로그래밍2 과제\dx_assignment_git\3dgp2_assignment01\3dgp2_assignment01\x64\debug\3dgp2_as.ae500bf9.tlog\link.command.1.tlog
c:\users\서정원\desktop\3d게임프로그래밍2 과제\dx_assignment_git\3dgp2_assignment01\3dgp2_assignment01\x64\debug\3dgp2_as.ae500bf9.tlog\link.read.1.tlog
c:\users\서정원\desktop\3d게임프로그래밍2 과제\dx_assignment_git\3dgp2_assignment01\3dgp2_assignment01\x64\debug\3dgp2_as.ae500bf9.tlog\link.write.1.tlog
c:\users\서정원\desktop\3d게임프로그래밍2 과제\dx_assignment_git\3dgp2_assignment01\3dgp2_assignment01\x64\debug\3dgp2_as.ae500bf9.tlog\rc.command.1.tlog
c:\users\서정원\desktop\3d게임프로그래밍2 과제\dx_assignment_git\3dgp2_assignment01\3dgp2_assignment01\x64\debug\3dgp2_as.ae500bf9.tlog\rc.read.1.tlog
c:\users\서정원\desktop\3d게임프로그래밍2 과제\dx_assignment_git\3dgp2_assignment01\3dgp2_assignment01\x64\debug\3dgp2_as.ae500bf9.tlog\rc.write.1.tlog
