  3DGP2_Assignment01.cpp
  Camera.cpp
  DDSTextureLoader12.cpp
  GameFramework.cpp
  GameSound.cpp
  Mesh.cpp
C:\Users\서정원\Desktop\3D게임프로그래밍2 과제\DX_Assignment_GIT\3DGP2_Assignment01\3DGP2_Assignment01\Mesh.cpp(834,89): warning C4244: '인수': 'int'에서 'float'(으)로 변환하면서 데이터가 손실될 수 있습니다.
C:\Users\서정원\Desktop\3D게임프로그래밍2 과제\DX_Assignment_GIT\3DGP2_Assignment01\3DGP2_Assignment01\Mesh.cpp(834,85): warning C4244: '인수': 'int'에서 'float'(으)로 변환하면서 데이터가 손실될 수 있습니다.
  Object.cpp
C:\Users\서정원\Desktop\3D게임프로그래밍2 과제\DX_Assignment_GIT\3DGP2_Assignment01\3DGP2_Assignment01\Object.cpp(1746,13): warning C4305: '인수': 'double'에서 'float'(으)로 잘립니다.
C:\Users\서정원\Desktop\3D게임프로그래밍2 과제\DX_Assignment_GIT\3DGP2_Assignment01\3DGP2_Assignment01\Object.cpp(1750,14): warning C4305: '인수': 'double'에서 'float'(으)로 잘립니다.
  Player.cpp
C:\Users\서정원\Desktop\3D게임프로그래밍2 과제\DX_Assignment_GIT\3DGP2_Assignment01\3DGP2_Assignment01\Player.cpp(897,28): warning C4305: '인수': 'double'에서 'float'(으)로 잘립니다.
C:\Users\서정원\Desktop\3D게임프로그래밍2 과제\DX_Assignment_GIT\3DGP2_Assignment01\3DGP2_Assignment01\Player.cpp(901,26): warning C4305: '인수': 'double'에서 'float'(으)로 잘립니다.
  Scene.cpp
C:\Users\서정원\Desktop\3D게임프로그래밍2 과제\DX_Assignment_GIT\3DGP2_Assignment01\3DGP2_Assignment01\Scene.cpp(978,75): warning C4244: '인수': 'int'에서 'float'(으)로 변환하면서 데이터가 손실될 수 있습니다.
  Shader.cpp
C:\Users\서정원\Desktop\3D게임프로그래밍2 과제\DX_Assignment_GIT\3DGP2_Assignment01\3DGP2_Assignment01\Shader.cpp(471,30): warning C4244: '=': 'int'에서 'float'(으)로 변환하면서 데이터가 손실될 수 있습니다.
C:\Users\서정원\Desktop\3D게임프로그래밍2 과제\DX_Assignment_GIT\3DGP2_Assignment01\3DGP2_Assignment01\Shader.cpp(1112,47): warning C4244: '=': 'float'에서 'int'(으)로 변환하면서 데이터가 손실될 수 있습니다.
C:\Users\서정원\Desktop\3D게임프로그래밍2 과제\DX_Assignment_GIT\3DGP2_Assignment01\3DGP2_Assignment01\Shader.cpp(1116,76): warning C4244: '인수': 'int'에서 'float'(으)로 변환하면서 데이터가 손실될 수 있습니다.
C:\Users\서정원\Desktop\3D게임프로그래밍2 과제\DX_Assignment_GIT\3DGP2_Assignment01\3DGP2_Assignment01\Shader.cpp(1134,47): warning C4244: '=': 'float'에서 'int'(으)로 변환하면서 데이터가 손실될 수 있습니다.
C:\Users\서정원\Desktop\3D게임프로그래밍2 과제\DX_Assignment_GIT\3DGP2_Assignment01\3DGP2_Assignment01\Shader.cpp(1138,76): warning C4244: '인수': 'int'에서 'float'(으)로 변환하면서 데이터가 손실될 수 있습니다.
C:\Users\서정원\Desktop\3D게임프로그래밍2 과제\DX_Assignment_GIT\3DGP2_Assignment01\3DGP2_Assignment01\Shader.cpp(1154,47): warning C4244: '=': 'float'에서 'int'(으)로 변환하면서 데이터가 손실될 수 있습니다.
C:\Users\서정원\Desktop\3D게임프로그래밍2 과제\DX_Assignment_GIT\3DGP2_Assignment01\3DGP2_Assignment01\Shader.cpp(1158,76): warning C4244: '인수': 'int'에서 'float'(으)로 변환하면서 데이터가 손실될 수 있습니다.
C:\Users\서정원\Desktop\3D게임프로그래밍2 과제\DX_Assignment_GIT\3DGP2_Assignment01\3DGP2_Assignment01\Shader.cpp(1231,47): warning C4244: '=': 'float'에서 'int'(으)로 변환하면서 데이터가 손실될 수 있습니다.
C:\Users\서정원\Desktop\3D게임프로그래밍2 과제\DX_Assignment_GIT\3DGP2_Assignment01\3DGP2_Assignment01\Shader.cpp(1235,76): warning C4244: '인수': 'int'에서 'float'(으)로 변환하면서 데이터가 손실될 수 있습니다.
C:\Users\서정원\Desktop\3D게임프로그래밍2 과제\DX_Assignment_GIT\3DGP2_Assignment01\3DGP2_Assignment01\Shader.cpp(1236,40): warning C4244: '인수': 'int'에서 'float'(으)로 변환하면서 데이터가 손실될 수 있습니다.
  stdafx.cpp
  Timer.cpp
  WICTextureLoader12.cpp
  코드를 생성하고 있습니다...
C:\Users\서정원\Desktop\3D게임프로그래밍2 과제\DX_Assignment_GIT\3DGP2_Assignment01\3DGP2_Assignment01\Scene.cpp(876): warning C4715: 'CScene::OnProcessingKeyboardMessage': 모든 제어 경로에서 값을 반환하지는 않습니다.
  3DGP2_Assignment01.vcxproj -> C:\Users\서정원\Desktop\3D게임프로그래밍2 과제\x64\Debug\3DGP2_Assignment01.exe
